[2026-06-10T00:28:59.912+0000] {local_task_job_runner.py:120} INFO - ::group::Pre task execution logs
[2026-06-10T00:28:59.941+0000] {taskinstance.py:2076} INFO - Dependencies all met for dep_context=non-requeueable deps ti=<TaskInstance: end_to_end_pipeline.run_dbt_models manual__2026-06-10T00:28:53.882567+00:00 [queued]>
[2026-06-10T00:28:59.948+0000] {taskinstance.py:2076} INFO - Dependencies all met for dep_context=requeueable deps ti=<TaskInstance: end_to_end_pipeline.run_dbt_models manual__2026-06-10T00:28:53.882567+00:00 [queued]>
[2026-06-10T00:28:59.949+0000] {taskinstance.py:2306} INFO - Starting attempt 1 of 1
[2026-06-10T00:28:59.960+0000] {taskinstance.py:2330} INFO - Executing <Task(BashOperator): run_dbt_models> on 2026-06-10 00:28:53.882567+00:00
[2026-06-10T00:28:59.967+0000] {standard_task_runner.py:90} INFO - Running: ['***', 'tasks', 'run', 'end_to_end_pipeline', 'run_dbt_models', 'manual__2026-06-10T00:28:53.882567+00:00', '--job-id', '14', '--raw', '--subdir', 'DAGS_FOLDER/ingestion_dag.py', '--cfg-path', '/tmp/tmprbsusd5a']
[2026-06-10T00:28:59.969+0000] {standard_task_runner.py:91} INFO - Job 14: Subtask run_dbt_models
[2026-06-10T00:28:59.969+0000] {logging_mixin.py:188} WARNING - /home/***/.local/lib/python3.12/site-packages/***/task/task_runner/standard_task_runner.py:61 DeprecationWarning: This process (pid=822) is multi-threaded, use of fork() may lead to deadlocks in the child.
[2026-06-10T00:28:59.970+0000] {standard_task_runner.py:63} INFO - Started process 823 to run task
[2026-06-10T00:29:00.027+0000] {task_command.py:426} INFO - Running <TaskInstance: end_to_end_pipeline.run_dbt_models manual__2026-06-10T00:28:53.882567+00:00 [running]> on host 42a5f442ff59
[2026-06-10T00:29:00.093+0000] {taskinstance.py:2648} INFO - Exporting env vars: AIRFLOW_CTX_DAG_OWNER='***' AIRFLOW_CTX_DAG_ID='end_to_end_pipeline' AIRFLOW_CTX_TASK_ID='run_dbt_models' AIRFLOW_CTX_EXECUTION_DATE='2026-06-10T00:28:53.882567+00:00' AIRFLOW_CTX_TRY_NUMBER='1' AIRFLOW_CTX_DAG_RUN_ID='manual__2026-06-10T00:28:53.882567+00:00'
[2026-06-10T00:29:00.094+0000] {taskinstance.py:430} INFO - ::endgroup::
[2026-06-10T00:29:00.104+0000] {subprocess.py:63} INFO - Tmp dir root location: /tmp
[2026-06-10T00:29:00.105+0000] {subprocess.py:75} INFO - Running command: ['/usr/bin/bash', '-c', 'cd /opt/***/dbt && dbt run']
[2026-06-10T00:29:00.114+0000] {subprocess.py:86} INFO - Output:
[2026-06-10T00:29:02.622+0000] {subprocess.py:93} INFO - [0m00:29:02  Running with dbt=1.11.11
[2026-06-10T00:29:03.117+0000] {subprocess.py:93} INFO - [0m00:29:03  Registered adapter: duckdb=1.10.1
[2026-06-10T00:29:03.355+0000] {subprocess.py:93} INFO - [0m00:29:03  [[33mWARNING[0m]: Configuration paths exist in your dbt_project.yml file which do not apply to any resources.
[2026-06-10T00:29:03.356+0000] {subprocess.py:93} INFO - There are 1 unused configuration paths:
[2026-06-10T00:29:03.356+0000] {subprocess.py:93} INFO - - models.bikeshare_dbt.marts
[2026-06-10T00:29:03.469+0000] {subprocess.py:93} INFO - [0m00:29:03  Found 6 models, 485 macros
[2026-06-10T00:29:03.473+0000] {subprocess.py:93} INFO - [0m00:29:03
[2026-06-10T00:29:03.474+0000] {subprocess.py:93} INFO - [0m00:29:03  Concurrency: 1 threads (target='dev')
[2026-06-10T00:29:03.475+0000] {subprocess.py:93} INFO - [0m00:29:03
[2026-06-10T00:29:03.663+0000] {subprocess.py:93} INFO - [0m00:29:03  1 of 6 START sql view model main.stg_bikeshare ................................. [RUN]
[2026-06-10T00:29:03.976+0000] {subprocess.py:93} INFO - [0m00:29:03  1 of 6 OK created sql view model main.stg_bikeshare ............................ [[32mOK[0m in 0.31s]
[2026-06-10T00:29:03.979+0000] {subprocess.py:93} INFO - [0m00:29:03  2 of 6 START sql view model main.stg_weather ................................... [RUN]
[2026-06-10T00:29:04.054+0000] {subprocess.py:93} INFO - [0m00:29:04  2 of 6 OK created sql view model main.stg_weather .............................. [[32mOK[0m in 0.07s]
[2026-06-10T00:29:04.057+0000] {subprocess.py:93} INFO - [0m00:29:04  3 of 6 START sql view model main.dim_station ................................... [RUN]
[2026-06-10T00:29:04.431+0000] {subprocess.py:93} INFO - [0m00:29:04  3 of 6 OK created sql view model main.dim_station .............................. [[32mOK[0m in 0.37s]
[2026-06-10T00:29:04.434+0000] {subprocess.py:93} INFO - [0m00:29:04  4 of 6 START sql view model main.fact_rides .................................... [RUN]
[2026-06-10T00:29:04.618+0000] {subprocess.py:93} INFO - [0m00:29:04  4 of 6 OK created sql view model main.fact_rides ............................... [[32mOK[0m in 0.18s]
[2026-06-10T00:29:04.621+0000] {subprocess.py:93} INFO - [0m00:29:04  5 of 6 START sql view model main.dim_weather ................................... [RUN]
[2026-06-10T00:29:04.695+0000] {subprocess.py:93} INFO - [0m00:29:04  5 of 6 OK created sql view model main.dim_weather .............................. [[32mOK[0m in 0.07s]
[2026-06-10T00:29:04.698+0000] {subprocess.py:93} INFO - [0m00:29:04  6 of 6 START sql view model main.agg_daily_rides ............................... [RUN]
[2026-06-10T00:29:04.945+0000] {subprocess.py:93} INFO - [0m00:29:04  6 of 6 OK created sql view model main.agg_daily_rides .......................... [[32mOK[0m in 0.25s]
[2026-06-10T00:29:04.960+0000] {subprocess.py:93} INFO - [0m00:29:04
[2026-06-10T00:29:04.961+0000] {subprocess.py:93} INFO - [0m00:29:04  Finished running 6 view models in 0 hours 0 minutes and 1.48 seconds (1.48s).
[2026-06-10T00:29:05.022+0000] {subprocess.py:93} INFO - [0m00:29:05
[2026-06-10T00:29:05.024+0000] {subprocess.py:93} INFO - [0m00:29:05  [32mCompleted successfully[0m
[2026-06-10T00:29:05.025+0000] {subprocess.py:93} INFO - [0m00:29:05
[2026-06-10T00:29:05.026+0000] {subprocess.py:93} INFO - [0m00:29:05  Done. PASS=6 WARN=0 ERROR=0 SKIP=0 NO-OP=0 TOTAL=6
[2026-06-10T00:29:05.982+0000] {subprocess.py:97} INFO - Command exited with return code 0
[2026-06-10T00:29:05.983+0000] {taskinstance.py:441} INFO - ::group::Post task execution logs
[2026-06-10T00:29:06.004+0000] {taskinstance.py:1206} INFO - Marking task as SUCCESS. dag_id=end_to_end_pipeline, task_id=run_dbt_models, run_id=manual__2026-06-10T00:28:53.882567+00:00, execution_date=20260610T002853, start_date=20260610T002859, end_date=20260610T002906
[2026-06-10T00:29:06.047+0000] {local_task_job_runner.py:240} INFO - Task exited with return code 0
[2026-06-10T00:29:06.060+0000] {taskinstance.py:3498} INFO - 0 downstream tasks scheduled from follow-on schedule check
[2026-06-10T00:29:06.063+0000] {local_task_job_runner.py:222} INFO - ::endgroup::
