[2026-06-10T01:02:34.291+0000] {local_task_job_runner.py:120} INFO - ::group::Pre task execution logs
[2026-06-10T01:02:34.317+0000] {taskinstance.py:2076} INFO - Dependencies all met for dep_context=non-requeueable deps ti=<TaskInstance: end_to_end_pipeline.run_dbt_models manual__2026-06-10T01:02:29.167062+00:00 [queued]>
[2026-06-10T01:02:34.326+0000] {taskinstance.py:2076} INFO - Dependencies all met for dep_context=requeueable deps ti=<TaskInstance: end_to_end_pipeline.run_dbt_models manual__2026-06-10T01:02:29.167062+00:00 [queued]>
[2026-06-10T01:02:34.327+0000] {taskinstance.py:2306} INFO - Starting attempt 1 of 1
[2026-06-10T01:02:34.340+0000] {taskinstance.py:2330} INFO - Executing <Task(BashOperator): run_dbt_models> on 2026-06-10 01:02:29.167062+00:00
[2026-06-10T01:02:34.347+0000] {standard_task_runner.py:90} INFO - Running: ['***', 'tasks', 'run', 'end_to_end_pipeline', 'run_dbt_models', 'manual__2026-06-10T01:02:29.167062+00:00', '--job-id', '27', '--raw', '--subdir', 'DAGS_FOLDER/ingestion_dag.py', '--cfg-path', '/tmp/tmp27wth6lu']
[2026-06-10T01:02:34.349+0000] {standard_task_runner.py:91} INFO - Job 27: Subtask run_dbt_models
[2026-06-10T01:02:34.350+0000] {logging_mixin.py:188} WARNING - /home/***/.local/lib/python3.12/site-packages/***/task/task_runner/standard_task_runner.py:61 DeprecationWarning: This process (pid=1382) is multi-threaded, use of fork() may lead to deadlocks in the child.
[2026-06-10T01:02:34.350+0000] {standard_task_runner.py:63} INFO - Started process 1383 to run task
[2026-06-10T01:02:34.399+0000] {task_command.py:426} INFO - Running <TaskInstance: end_to_end_pipeline.run_dbt_models manual__2026-06-10T01:02:29.167062+00:00 [running]> on host 42a5f442ff59
[2026-06-10T01:02:34.479+0000] {taskinstance.py:2648} INFO - Exporting env vars: AIRFLOW_CTX_DAG_OWNER='***' AIRFLOW_CTX_DAG_ID='end_to_end_pipeline' AIRFLOW_CTX_TASK_ID='run_dbt_models' AIRFLOW_CTX_EXECUTION_DATE='2026-06-10T01:02:29.167062+00:00' AIRFLOW_CTX_TRY_NUMBER='1' AIRFLOW_CTX_DAG_RUN_ID='manual__2026-06-10T01:02:29.167062+00:00'
[2026-06-10T01:02:34.480+0000] {taskinstance.py:430} INFO - ::endgroup::
[2026-06-10T01:02:34.490+0000] {subprocess.py:63} INFO - Tmp dir root location: /tmp
[2026-06-10T01:02:34.491+0000] {subprocess.py:75} INFO - Running command: ['/usr/bin/bash', '-c', 'cd /opt/***/dbt && dbt run']
[2026-06-10T01:02:34.500+0000] {subprocess.py:86} INFO - Output:
[2026-06-10T01:02:36.346+0000] {subprocess.py:93} INFO - [0m01:02:36  Running with dbt=1.11.11
[2026-06-10T01:02:36.609+0000] {subprocess.py:93} INFO - [0m01:02:36  Registered adapter: duckdb=1.10.1
[2026-06-10T01:02:36.988+0000] {subprocess.py:93} INFO - [0m01:02:36  Found 6 models, 3 analyses, 485 macros
[2026-06-10T01:02:36.992+0000] {subprocess.py:93} INFO - [0m01:02:36
[2026-06-10T01:02:36.994+0000] {subprocess.py:93} INFO - [0m01:02:36  Concurrency: 1 threads (target='dev')
[2026-06-10T01:02:36.995+0000] {subprocess.py:93} INFO - [0m01:02:36
[2026-06-10T01:02:37.174+0000] {subprocess.py:93} INFO - [0m01:02:37  1 of 6 START sql view model main.stg_bikeshare ................................. [RUN]
[2026-06-10T01:02:37.488+0000] {subprocess.py:93} INFO - [0m01:02:37  1 of 6 OK created sql view model main.stg_bikeshare ............................ [[32mOK[0m in 0.31s]
[2026-06-10T01:02:37.491+0000] {subprocess.py:93} INFO - [0m01:02:37  2 of 6 START sql view model main.stg_weather ................................... [RUN]
[2026-06-10T01:02:37.563+0000] {subprocess.py:93} INFO - [0m01:02:37  2 of 6 OK created sql view model main.stg_weather .............................. [[32mOK[0m in 0.07s]
[2026-06-10T01:02:37.567+0000] {subprocess.py:93} INFO - [0m01:02:37  3 of 6 START sql table model main.dim_station .................................. [RUN]
[2026-06-10T01:02:38.957+0000] {subprocess.py:93} INFO - [0m01:02:38  3 of 6 OK created sql table model main.dim_station ............................. [[32mOK[0m in 1.39s]
[2026-06-10T01:02:38.960+0000] {subprocess.py:93} INFO - [0m01:02:38  4 of 6 START sql table model main.fact_rides ................................... [RUN]
[2026-06-10T01:02:39.920+0000] {subprocess.py:93} INFO - [0m01:02:39  4 of 6 OK created sql table model main.fact_rides .............................. [[32mOK[0m in 0.96s]
[2026-06-10T01:02:39.923+0000] {subprocess.py:93} INFO - [0m01:02:39  5 of 6 START sql table model main.dim_weather .................................. [RUN]
[2026-06-10T01:02:40.005+0000] {subprocess.py:93} INFO - [0m01:02:40  5 of 6 OK created sql table model main.dim_weather ............................. [[32mOK[0m in 0.08s]
[2026-06-10T01:02:40.009+0000] {subprocess.py:93} INFO - [0m01:02:40  6 of 6 START sql table model main.agg_daily_rides .............................. [RUN]
[2026-06-10T01:02:40.151+0000] {subprocess.py:93} INFO - [0m01:02:40  6 of 6 OK created sql table model main.agg_daily_rides ......................... [[32mOK[0m in 0.14s]
[2026-06-10T01:02:40.170+0000] {subprocess.py:93} INFO - [0m01:02:40
[2026-06-10T01:02:40.171+0000] {subprocess.py:93} INFO - [0m01:02:40  Finished running 4 table models, 2 view models in 0 hours 0 minutes and 3.17 seconds (3.17s).
[2026-06-10T01:02:40.231+0000] {subprocess.py:93} INFO - [0m01:02:40
[2026-06-10T01:02:40.232+0000] {subprocess.py:93} INFO - [0m01:02:40  [32mCompleted successfully[0m
[2026-06-10T01:02:40.233+0000] {subprocess.py:93} INFO - [0m01:02:40
[2026-06-10T01:02:40.234+0000] {subprocess.py:93} INFO - [0m01:02:40  Done. PASS=6 WARN=0 ERROR=0 SKIP=0 NO-OP=0 TOTAL=6
[2026-06-10T01:02:41.180+0000] {subprocess.py:97} INFO - Command exited with return code 0
[2026-06-10T01:02:41.181+0000] {taskinstance.py:441} INFO - ::group::Post task execution logs
[2026-06-10T01:02:41.216+0000] {taskinstance.py:1206} INFO - Marking task as SUCCESS. dag_id=end_to_end_pipeline, task_id=run_dbt_models, run_id=manual__2026-06-10T01:02:29.167062+00:00, execution_date=20260610T010229, start_date=20260610T010234, end_date=20260610T010241
[2026-06-10T01:02:41.270+0000] {local_task_job_runner.py:240} INFO - Task exited with return code 0
[2026-06-10T01:02:41.284+0000] {taskinstance.py:3498} INFO - 0 downstream tasks scheduled from follow-on schedule check
[2026-06-10T01:02:41.287+0000] {local_task_job_runner.py:222} INFO - ::endgroup::
