[2026-06-10T00:30:38.776+0000] {local_task_job_runner.py:120} INFO - ::group::Pre task execution logs
[2026-06-10T00:30:38.803+0000] {taskinstance.py:2076} INFO - Dependencies all met for dep_context=non-requeueable deps ti=<TaskInstance: end_to_end_pipeline.run_dbt_models manual__2026-06-10T00:30:32.635241+00:00 [queued]>
[2026-06-10T00:30:38.812+0000] {taskinstance.py:2076} INFO - Dependencies all met for dep_context=requeueable deps ti=<TaskInstance: end_to_end_pipeline.run_dbt_models manual__2026-06-10T00:30:32.635241+00:00 [queued]>
[2026-06-10T00:30:38.813+0000] {taskinstance.py:2306} INFO - Starting attempt 1 of 1
[2026-06-10T00:30:38.826+0000] {taskinstance.py:2330} INFO - Executing <Task(BashOperator): run_dbt_models> on 2026-06-10 00:30:32.635241+00:00
[2026-06-10T00:30:38.834+0000] {standard_task_runner.py:90} INFO - Running: ['***', 'tasks', 'run', 'end_to_end_pipeline', 'run_dbt_models', 'manual__2026-06-10T00:30:32.635241+00:00', '--job-id', '18', '--raw', '--subdir', 'DAGS_FOLDER/ingestion_dag.py', '--cfg-path', '/tmp/tmpklifqczw']
[2026-06-10T00:30:38.836+0000] {logging_mixin.py:188} WARNING - /home/***/.local/lib/python3.12/site-packages/***/task/task_runner/standard_task_runner.py:61 DeprecationWarning: This process (pid=936) is multi-threaded, use of fork() may lead to deadlocks in the child.
[2026-06-10T00:30:38.836+0000] {standard_task_runner.py:91} INFO - Job 18: Subtask run_dbt_models
[2026-06-10T00:30:38.837+0000] {standard_task_runner.py:63} INFO - Started process 937 to run task
[2026-06-10T00:30:38.892+0000] {task_command.py:426} INFO - Running <TaskInstance: end_to_end_pipeline.run_dbt_models manual__2026-06-10T00:30:32.635241+00:00 [running]> on host 42a5f442ff59
[2026-06-10T00:30:38.973+0000] {taskinstance.py:2648} INFO - Exporting env vars: AIRFLOW_CTX_DAG_OWNER='***' AIRFLOW_CTX_DAG_ID='end_to_end_pipeline' AIRFLOW_CTX_TASK_ID='run_dbt_models' AIRFLOW_CTX_EXECUTION_DATE='2026-06-10T00:30:32.635241+00:00' AIRFLOW_CTX_TRY_NUMBER='1' AIRFLOW_CTX_DAG_RUN_ID='manual__2026-06-10T00:30:32.635241+00:00'
[2026-06-10T00:30:38.974+0000] {taskinstance.py:430} INFO - ::endgroup::
[2026-06-10T00:30:38.985+0000] {subprocess.py:63} INFO - Tmp dir root location: /tmp
[2026-06-10T00:30:38.986+0000] {subprocess.py:75} INFO - Running command: ['/usr/bin/bash', '-c', 'cd /opt/***/dbt && dbt run']
[2026-06-10T00:30:38.995+0000] {subprocess.py:86} INFO - Output:
[2026-06-10T00:30:40.991+0000] {subprocess.py:93} INFO - [0m00:30:40  Running with dbt=1.11.11
[2026-06-10T00:30:41.279+0000] {subprocess.py:93} INFO - [0m00:30:41  Registered adapter: duckdb=1.10.1
[2026-06-10T00:30:41.516+0000] {subprocess.py:93} INFO - [0m00:30:41  [[33mWARNING[0m]: Configuration paths exist in your dbt_project.yml file which do not apply to any resources.
[2026-06-10T00:30:41.517+0000] {subprocess.py:93} INFO - There are 1 unused configuration paths:
[2026-06-10T00:30:41.518+0000] {subprocess.py:93} INFO - - models.bikeshare_dbt.marts
[2026-06-10T00:30:41.637+0000] {subprocess.py:93} INFO - [0m00:30:41  Found 6 models, 485 macros
[2026-06-10T00:30:41.641+0000] {subprocess.py:93} INFO - [0m00:30:41
[2026-06-10T00:30:41.642+0000] {subprocess.py:93} INFO - [0m00:30:41  Concurrency: 1 threads (target='dev')
[2026-06-10T00:30:41.644+0000] {subprocess.py:93} INFO - [0m00:30:41
[2026-06-10T00:30:41.818+0000] {subprocess.py:93} INFO - [0m00:30:41  1 of 6 START sql view model main.stg_bikeshare ................................. [RUN]
[2026-06-10T00:30:42.148+0000] {subprocess.py:93} INFO - [0m00:30:42  1 of 6 OK created sql view model main.stg_bikeshare ............................ [[32mOK[0m in 0.33s]
[2026-06-10T00:30:42.153+0000] {subprocess.py:93} INFO - [0m00:30:42  2 of 6 START sql view model main.stg_weather ................................... [RUN]
[2026-06-10T00:30:42.235+0000] {subprocess.py:93} INFO - [0m00:30:42  2 of 6 OK created sql view model main.stg_weather .............................. [[32mOK[0m in 0.08s]
[2026-06-10T00:30:42.239+0000] {subprocess.py:93} INFO - [0m00:30:42  3 of 6 START sql view model main.dim_station ................................... [RUN]
[2026-06-10T00:30:42.675+0000] {subprocess.py:93} INFO - [0m00:30:42  3 of 6 OK created sql view model main.dim_station .............................. [[32mOK[0m in 0.43s]
[2026-06-10T00:30:42.679+0000] {subprocess.py:93} INFO - [0m00:30:42  4 of 6 START sql view model main.fact_rides .................................... [RUN]
[2026-06-10T00:30:42.914+0000] {subprocess.py:93} INFO - [0m00:30:42  4 of 6 OK created sql view model main.fact_rides ............................... [[32mOK[0m in 0.23s]
[2026-06-10T00:30:42.918+0000] {subprocess.py:93} INFO - [0m00:30:42  5 of 6 START sql view model main.dim_weather ................................... [RUN]
[2026-06-10T00:30:43.001+0000] {subprocess.py:93} INFO - [0m00:30:43  5 of 6 OK created sql view model main.dim_weather .............................. [[32mOK[0m in 0.08s]
[2026-06-10T00:30:43.004+0000] {subprocess.py:93} INFO - [0m00:30:43  6 of 6 START sql view model main.agg_daily_rides ............................... [RUN]
[2026-06-10T00:30:43.289+0000] {subprocess.py:93} INFO - [0m00:30:43  6 of 6 OK created sql view model main.agg_daily_rides .......................... [[32mOK[0m in 0.28s]
[2026-06-10T00:30:43.307+0000] {subprocess.py:93} INFO - [0m00:30:43
[2026-06-10T00:30:43.308+0000] {subprocess.py:93} INFO - [0m00:30:43  Finished running 6 view models in 0 hours 0 minutes and 1.66 seconds (1.66s).
[2026-06-10T00:30:43.373+0000] {subprocess.py:93} INFO - [0m00:30:43
[2026-06-10T00:30:43.374+0000] {subprocess.py:93} INFO - [0m00:30:43  [32mCompleted successfully[0m
[2026-06-10T00:30:43.375+0000] {subprocess.py:93} INFO - [0m00:30:43
[2026-06-10T00:30:43.376+0000] {subprocess.py:93} INFO - [0m00:30:43  Done. PASS=6 WARN=0 ERROR=0 SKIP=0 NO-OP=0 TOTAL=6
[2026-06-10T00:30:44.333+0000] {subprocess.py:97} INFO - Command exited with return code 0
[2026-06-10T00:30:44.334+0000] {taskinstance.py:441} INFO - ::group::Post task execution logs
[2026-06-10T00:30:44.358+0000] {taskinstance.py:1206} INFO - Marking task as SUCCESS. dag_id=end_to_end_pipeline, task_id=run_dbt_models, run_id=manual__2026-06-10T00:30:32.635241+00:00, execution_date=20260610T003032, start_date=20260610T003038, end_date=20260610T003044
[2026-06-10T00:30:44.391+0000] {local_task_job_runner.py:240} INFO - Task exited with return code 0
[2026-06-10T00:30:44.405+0000] {taskinstance.py:3498} INFO - 0 downstream tasks scheduled from follow-on schedule check
[2026-06-10T00:30:44.408+0000] {local_task_job_runner.py:222} INFO - ::endgroup::
