[2026-06-10T01:00:16.928+0000] {local_task_job_runner.py:120} INFO - ::group::Pre task execution logs
[2026-06-10T01:00:16.975+0000] {taskinstance.py:2076} INFO - Dependencies all met for dep_context=non-requeueable deps ti=<TaskInstance: end_to_end_pipeline.fetch_bikeshare_data manual__2026-06-10T01:00:16.176698+00:00 [queued]>
[2026-06-10T01:00:16.985+0000] {taskinstance.py:2076} INFO - Dependencies all met for dep_context=requeueable deps ti=<TaskInstance: end_to_end_pipeline.fetch_bikeshare_data manual__2026-06-10T01:00:16.176698+00:00 [queued]>
[2026-06-10T01:00:16.986+0000] {taskinstance.py:2306} INFO - Starting attempt 1 of 1
[2026-06-10T01:00:17.002+0000] {taskinstance.py:2330} INFO - Executing <Task(PythonOperator): fetch_bikeshare_data> on 2026-06-10 01:00:16.176698+00:00
[2026-06-10T01:00:17.009+0000] {standard_task_runner.py:90} INFO - Running: ['***', 'tasks', 'run', 'end_to_end_pipeline', 'fetch_bikeshare_data', 'manual__2026-06-10T01:00:16.176698+00:00', '--job-id', '19', '--raw', '--subdir', 'DAGS_FOLDER/ingestion_dag.py', '--cfg-path', '/tmp/tmpfuyxx8ap']
[2026-06-10T01:00:17.013+0000] {logging_mixin.py:188} WARNING - /home/***/.local/lib/python3.12/site-packages/***/task/task_runner/standard_task_runner.py:61 DeprecationWarning: This process (pid=1300) is multi-threaded, use of fork() may lead to deadlocks in the child.
[2026-06-10T01:00:17.014+0000] {standard_task_runner.py:91} INFO - Job 19: Subtask fetch_bikeshare_data
[2026-06-10T01:00:17.014+0000] {standard_task_runner.py:63} INFO - Started process 1301 to run task
[2026-06-10T01:00:17.073+0000] {task_command.py:426} INFO - Running <TaskInstance: end_to_end_pipeline.fetch_bikeshare_data manual__2026-06-10T01:00:16.176698+00:00 [running]> on host 42a5f442ff59
[2026-06-10T01:00:17.166+0000] {taskinstance.py:2648} INFO - Exporting env vars: AIRFLOW_CTX_DAG_OWNER='***' AIRFLOW_CTX_DAG_ID='end_to_end_pipeline' AIRFLOW_CTX_TASK_ID='fetch_bikeshare_data' AIRFLOW_CTX_EXECUTION_DATE='2026-06-10T01:00:16.176698+00:00' AIRFLOW_CTX_TRY_NUMBER='1' AIRFLOW_CTX_DAG_RUN_ID='manual__2026-06-10T01:00:16.176698+00:00'
[2026-06-10T01:00:17.167+0000] {taskinstance.py:430} INFO - ::endgroup::
[2026-06-10T01:00:17.185+0000] {logging_mixin.py:188} INFO - Bikeshare ZIP letöltése innen: https://s3.amazonaws.com/capitalbikeshare-data/202605-capitalbikeshare-tripdata.zip
[2026-06-10T01:00:20.102+0000] {logging_mixin.py:188} INFO - Feldolgozás és feltöltés: bikeshare/bikeshare_rides_202605.csv
[2026-06-10T01:00:21.047+0000] {logging_mixin.py:188} INFO - Bikeshare adatok feltöltése sikeres!
[2026-06-10T01:00:21.054+0000] {python.py:237} INFO - Done. Returned value was: None
[2026-06-10T01:00:21.055+0000] {taskinstance.py:441} INFO - ::group::Post task execution logs
[2026-06-10T01:00:21.063+0000] {taskinstance.py:1206} INFO - Marking task as SUCCESS. dag_id=end_to_end_pipeline, task_id=fetch_bikeshare_data, run_id=manual__2026-06-10T01:00:16.176698+00:00, execution_date=20260610T010016, start_date=20260610T010016, end_date=20260610T010021
[2026-06-10T01:00:21.088+0000] {local_task_job_runner.py:240} INFO - Task exited with return code 0
[2026-06-10T01:00:21.105+0000] {taskinstance.py:3498} INFO - 1 downstream tasks scheduled from follow-on schedule check
[2026-06-10T01:00:21.107+0000] {local_task_job_runner.py:222} INFO - ::endgroup::
