[2026-06-10T00:28:55.098+0000] {local_task_job_runner.py:120} INFO - ::group::Pre task execution logs
[2026-06-10T00:28:55.155+0000] {taskinstance.py:2076} INFO - Dependencies all met for dep_context=non-requeueable deps ti=<TaskInstance: end_to_end_pipeline.fetch_open_meteo_data manual__2026-06-10T00:28:53.882567+00:00 [queued]>
[2026-06-10T00:28:55.166+0000] {taskinstance.py:2076} INFO - Dependencies all met for dep_context=requeueable deps ti=<TaskInstance: end_to_end_pipeline.fetch_open_meteo_data manual__2026-06-10T00:28:53.882567+00:00 [queued]>
[2026-06-10T00:28:55.167+0000] {taskinstance.py:2306} INFO - Starting attempt 1 of 1
[2026-06-10T00:28:55.185+0000] {taskinstance.py:2330} INFO - Executing <Task(PythonOperator): fetch_open_meteo_data> on 2026-06-10 00:28:53.882567+00:00
[2026-06-10T00:28:55.198+0000] {standard_task_runner.py:90} INFO - Running: ['***', 'tasks', 'run', 'end_to_end_pipeline', 'fetch_open_meteo_data', 'manual__2026-06-10T00:28:53.882567+00:00', '--job-id', '10', '--raw', '--subdir', 'DAGS_FOLDER/ingestion_dag.py', '--cfg-path', '/tmp/tmp280a1e4g']
[2026-06-10T00:28:55.202+0000] {logging_mixin.py:188} WARNING - /home/***/.local/lib/python3.12/site-packages/***/task/task_runner/standard_task_runner.py:61 DeprecationWarning: This process (pid=817) is multi-threaded, use of fork() may lead to deadlocks in the child.
[2026-06-10T00:28:55.202+0000] {standard_task_runner.py:91} INFO - Job 10: Subtask fetch_open_meteo_data
[2026-06-10T00:28:55.203+0000] {standard_task_runner.py:63} INFO - Started process 819 to run task
[2026-06-10T00:28:55.286+0000] {task_command.py:426} INFO - Running <TaskInstance: end_to_end_pipeline.fetch_open_meteo_data manual__2026-06-10T00:28:53.882567+00:00 [running]> on host 42a5f442ff59
[2026-06-10T00:28:55.425+0000] {taskinstance.py:2648} INFO - Exporting env vars: AIRFLOW_CTX_DAG_OWNER='***' AIRFLOW_CTX_DAG_ID='end_to_end_pipeline' AIRFLOW_CTX_TASK_ID='fetch_open_meteo_data' AIRFLOW_CTX_EXECUTION_DATE='2026-06-10T00:28:53.882567+00:00' AIRFLOW_CTX_TRY_NUMBER='1' AIRFLOW_CTX_DAG_RUN_ID='manual__2026-06-10T00:28:53.882567+00:00'
[2026-06-10T00:28:55.427+0000] {taskinstance.py:430} INFO - ::endgroup::
[2026-06-10T00:28:55.465+0000] {logging_mixin.py:188} INFO - Időjárás adatok lekérése a 2026-05-01 - 2026-06-01 időszakra...
[2026-06-10T00:28:57.639+0000] {logging_mixin.py:188} INFO - Sikeresen feltöltve: weather/weather_data_202605.json
[2026-06-10T00:28:57.643+0000] {python.py:237} INFO - Done. Returned value was: None
[2026-06-10T00:28:57.644+0000] {taskinstance.py:441} INFO - ::group::Post task execution logs
[2026-06-10T00:28:57.655+0000] {taskinstance.py:1206} INFO - Marking task as SUCCESS. dag_id=end_to_end_pipeline, task_id=fetch_open_meteo_data, run_id=manual__2026-06-10T00:28:53.882567+00:00, execution_date=20260610T002853, start_date=20260610T002855, end_date=20260610T002857
[2026-06-10T00:28:57.713+0000] {local_task_job_runner.py:240} INFO - Task exited with return code 0
[2026-06-10T00:28:57.739+0000] {taskinstance.py:3498} INFO - 0 downstream tasks scheduled from follow-on schedule check
[2026-06-10T00:28:57.742+0000] {local_task_job_runner.py:222} INFO - ::endgroup::
